This is pdfTeX, Version 3.1415926-1.40.10 (TeX Live 2009/Debian) (format=latex 2013.9.30)  12 NOV 2013 23:45
entering extended mode
 %&-line parsing enabled.
**_formulas.tex
(./_formulas.tex
LaTeX2e <2009/09/24>
Babel <v3.8l> and hyphenation patterns for english, usenglishmax, dumylang, noh
yphenation, loaded.
(/usr/share/texmf-texlive/tex/latex/base/article.cls
Document Class: article 2007/10/19 v1.4h Standard LaTeX document class
(/usr/share/texmf-texlive/tex/latex/base/size10.clo
File: size10.clo 2007/10/19 v1.4h Standard LaTeX file (size option)
)
\c@part=\count79
\c@section=\count80
\c@subsection=\count81
\c@subsubsection=\count82
\c@paragraph=\count83
\c@subparagraph=\count84
\c@figure=\count85
\c@table=\count86
\abovecaptionskip=\skip41
\belowcaptionskip=\skip42
\bibindent=\dimen102
)
(/usr/share/texmf-texlive/tex/latex/graphics/epsfig.sty
Package: epsfig 1999/02/16 v1.7a (e)psfig emulation (SPQR)

(/usr/share/texmf-texlive/tex/latex/graphics/graphicx.sty
Package: graphicx 1999/02/16 v1.0f Enhanced LaTeX Graphics (DPC,SPQR)

(/usr/share/texmf-texlive/tex/latex/graphics/keyval.sty
Package: keyval 1999/03/16 v1.13 key=value parser (DPC)
\KV@toks@=\toks14
)
(/usr/share/texmf-texlive/tex/latex/graphics/graphics.sty
Package: graphics 2009/02/05 v1.0o Standard LaTeX Graphics (DPC,SPQR)

(/usr/share/texmf-texlive/tex/latex/graphics/trig.sty
Package: trig 1999/03/16 v1.09 sin cos tan (DPC)
)
(/etc/texmf/tex/latex/config/graphics.cfg
File: graphics.cfg 2009/08/28 v1.8 graphics configuration of TeX Live
)
Package graphics Info: Driver file: dvips.def on input line 91.

(/usr/share/texmf-texlive/tex/latex/graphics/dvips.def
File: dvips.def 1999/02/16 v3.0i Driver-dependant file (DPC,SPQR)
))
\Gin@req@height=\dimen103
\Gin@req@width=\dimen104
)
\epsfxsize=\dimen105
\epsfysize=\dimen106
)
(/usr/share/texmf-texlive/tex/latex/multirow/multirow.sty
\bigstrutjot=\dimen107
) (./_formulas.aux)
\openout1 = `_formulas.aux'.

LaTeX Font Info:    Checking defaults for OML/cmm/m/it on input line 5.
LaTeX Font Info:    ... okay on input line 5.
LaTeX Font Info:    Checking defaults for T1/cmr/m/n on input line 5.
LaTeX Font Info:    ... okay on input line 5.
LaTeX Font Info:    Checking defaults for OT1/cmr/m/n on input line 5.
LaTeX Font Info:    ... okay on input line 5.
LaTeX Font Info:    Checking defaults for OMS/cmsy/m/n on input line 5.
LaTeX Font Info:    ... okay on input line 5.
LaTeX Font Info:    Checking defaults for OMX/cmex/m/n on input line 5.
LaTeX Font Info:    ... okay on input line 5.
LaTeX Font Info:    Checking defaults for U/cmr/m/n on input line 5.
LaTeX Font Info:    ... okay on input line 5.
LaTeX Font Info:    External font `cmex10' loaded for size
(Font)              <7> on input line 6.
LaTeX Font Info:    External font `cmex10' loaded for size
(Font)              <5> on input line 6.

[1

] [2] [3] [4] [5] [6] [7] [8] [9] [10] [11] [12] [13] [14] [15] [16] [17]
[18] [19] [20] [21] [22] [23] [24] [25] [26] [27] [28] [29] [30] [31] [32]
[33] [34] [35] [36] [37] [38] [39] [40] [41] [42] [43] [44] [45] [46] [47]
[48] [49] [50] [51] [52] [53] [54] [55] [56] [57] [58] [59] [60] [61] [62]
Overfull \hbox (50.07127pt too wide) detected at line 192
[] [] \OML/cmm/m/it/10 I\OT1/cmr/m/n/10 (\OML/cmm/m/it/10 x; y\OT1/cmr/m/n/10 )
 = \OML/cmm/m/it/10 Integ\OT1/cmr/m/n/10 (\OML/cmm/m/it/10 x[] \OT1/cmr/m/n/10 
+ 1\OML/cmm/m/it/10 ; y[] \OT1/cmr/m/n/10 + 1) + \OML/cmm/m/it/10 Integ\OT1/cmr
/m/n/10 (\OML/cmm/m/it/10 x[]; y[]\OT1/cmr/m/n/10 ) \OMS/cmsy/m/n/10 ^^@ \OML/c
mm/m/it/10 Integ\OT1/cmr/m/n/10 (\OML/cmm/m/it/10 x[] \OT1/cmr/m/n/10 + 1\OML/c
mm/m/it/10 ; y[]\OT1/cmr/m/n/10 ) \OMS/cmsy/m/n/10 ^^@ \OML/cmm/m/it/10 Integ\O
T1/cmr/m/n/10 (\OML/cmm/m/it/10 x[]; y[] \OT1/cmr/m/n/10 + 1)
 []

[63] [64] [65] [66] [67] [68] [69] [70] [71] [72] [73] [74] [75] [76] [77]
[78] [79] [80] [81] [82] [83] [84] [85] [86] [87] [88] [89] [90] [91] [92]
[93] [94] [95] [96] [97] [98] [99] [100] [101] [102] [103] [104] [105] [106]
[107] [108] [109] [110] [111] [112] [113] [114] [115] [116] [117] [118]
[119] [120] [121] [122] [123] [124] [125] [126] [127] [128] [129] [130]
[131] [132] [133] [134] [135] [136] [137] [138] [139] [140] [141] [142]
[143] [144] [145] [146] [147] [148] [149] [150] [151] [152] [153] [154]
[155] [156] [157] [158] [159] [160] [161] [162] [163] [164] [165] [166]
[167] [168] [169] [170] [171] [172] [173] [174] [175] [176] [177] [178]
[179] [180] [181] [182] [183] [184] [185] [186] [187] [188] [189] [190]
[191] [192] [193]
Overfull \hbox (64.0384pt too wide) detected at line 585
\OT1/cmr/m/n/10 (\OML/cmm/m/it/10 t[]t[] \OMS/cmsy/m/n/10 ^^@ \OML/cmm/m/it/10 
x[]x[] \OMS/cmsy/m/n/10 ^^@ \OML/cmm/m/it/10 y[]y[] \OMS/cmsy/m/n/10 ^^@ \OML/c
mm/m/it/10 z[]z[]; t[]x[] \OT1/cmr/m/n/10 + \OML/cmm/m/it/10 x[]t[] \OT1/cmr/m/
n/10 + \OML/cmm/m/it/10 y[]z[] \OMS/cmsy/m/n/10 ^^@ \OML/cmm/m/it/10 z[]y[]; t[
]y[] \OT1/cmr/m/n/10 + \OML/cmm/m/it/10 x[]z[] \OT1/cmr/m/n/10 + \OML/cmm/m/it/
10 y[]t[] \OMS/cmsy/m/n/10 ^^@ \OML/cmm/m/it/10 z[]x[]; t[]z[] \OT1/cmr/m/n/10 
+ \OML/cmm/m/it/10 x[]y[] \OT1/cmr/m/n/10 + \OML/cmm/m/it/10 y[]x[] \OMS/cmsy/m
/n/10 ^^@ \OML/cmm/m/it/10 z[]t[]\OT1/cmr/m/n/10 )
 []

[194] [195] [196] [197] [198] [199] [200] [201] [202] [203] [204] [205]
[206] [207] [208] [209] [210] [211] [212] [213] [214] [215] [216] [217]
[218] [219] [220] [221] [222] [223] [224] [225] [226] [227] [228] [229]
[230] [231] [232] [233] [234] [235] [236] [237] [238] [239] [240] [241]
[242] [243] [244] [245] [246] [247] [248] [249] [250] [251] [252] [253]
[254] [255] [256] [257] [258] [259] [260] [261] [262] [263] [264] [265]
[266] [267] [268] [269] [270] [271] [272] [273] [274] [275] [276] [277]
[278]
Overfull \hbox (250.74916pt too wide) detected at line 840
\OML/cmm/m/it/10 F \OT1/cmr/m/n/10 = [][] [] [] []
 []

[279] [280] [281] [282] [283] [284] [285] [286] [287] [288] [289] [290]
[291] [292] [293] [294] [295] [296]
Overfull \hbox (4.31076pt too wide) in paragraph at lines 894--896
[]$[] \OMS/cmsy/m/n/10 ^^C [] \OT1/cmr/m/n/10 =
 []

[297] [298]
! Ambiguous; you need another { and }.
l.900 ... ^ 2 - x_0 ^ 2 - y_0 ^ 2}}, C * y_0 \over
                                                   {R + \sqrt{R ^ 2 - x_0 ^ ...

? 
! Ambiguous; you need another { and }.
l.900 ... ^ 2 - x_0 ^ 2 - y_0 ^ 2}}, C * z_0 \over
                                                   {R + \sqrt{R ^ 2 - x_0 ^ ...

? 
[299] [300] [301] [302] [303]
! Ambiguous; you need another { and }.
l.915 ... ^ 2 - x_0 ^ 2 - y_0 ^ 2}}, y_0 * C \over
                                                   {R + \sqrt{R ^ 2 - x_0 ^ ...

? 
[304] [305] [306] [307] [308] [309] [310] [311] [312] [313] [314] [315]
[316] [317] (./_formulas.aux)

LaTeX Warning: Label(s) may have changed. Rerun to get cross-references right.

 ) 
Here is how much of TeX's memory you used:
 562 strings out of 495062
 6781 string characters out of 1182644
 57495 words of memory out of 3000000
 3796 multiletter control sequences out of 15000+50000
 4567 words of font info for 17 fonts, out of 3000000 for 9000
 28 hyphenation exceptions out of 8191
 32i,15n,21p,622b,141s stack positions out of 5000i,500n,10000p,200000b,50000s

Output written on _formulas.dvi (317 pages, 78664 bytes).
